<?xml version="1.0" encoding="UTF-8"?>
<!-- Generated by org.testng.reporters.JUnitReportReporter -->
<testsuite hostname="DESKTOP-HSOGNKM" failures="0" tests="2" name="demo.login" time="10.775" errors="0" timestamp="2023-12-23T09:57:18 IST" skipped="0">
  <testcase classname="demo.login" name="initialize" time="9.230"/>
  <testcase classname="demo.login" name="browse" time="1.545"/>
</testsuite> <!-- demo.login -->
