<?xml version="1.0" encoding="UTF-8"?>
<!-- Generated by org.testng.reporters.JUnitReportReporter -->
<testsuite hostname="DESKTOP-HSOGNKM" failures="0" tests="1" name="demo_test.login_test" time="41.366" errors="0" timestamp="2023-12-23T09:48:28 IST" skipped="0">
  <testcase classname="demo_test.login_test" name="test_login" time="41.366"/>
</testsuite> <!-- demo_test.login_test -->
